Using pre-set license
Built from '2020.3/china_unity/release' branch; Version is '2021.3.41f1c1 (abf9ed549ceb) revision 11270637'; Using compiler version '192829333'; Build Type 'Release'
OS: 'Windows 10  (10.0.19043) 64bit Professional' Language: 'zh' Physical Memory: 65440 MB
BatchMode: 1, IsHumanControllingUs: 0, StartBugReporterOnCrash: 0, Is64bit: 1, IsPro: 1

COMMAND LINE ARGUMENTS:
D:\Unity Hub\Editor\2021.3.41f1c1\Editor\Unity.exe
-adb2
-batchMode
-noUpm
-name
AssetImportWorker0
-projectPath
D:/UnityProject/HeadSportVolleyBall/HeadSportVolleyBall
-logFile
Logs/AssetImportWorker0.log
-srvPort
51434
Successfully changed project path to: D:/UnityProject/HeadSportVolleyBall/HeadSportVolleyBall
D:/UnityProject/HeadSportVolleyBall/HeadSportVolleyBall
[UnityMemory] Configuration Parameters - Can be set up in boot.config
    "memorysetup-bucket-allocator-granularity=16"
    "memorysetup-bucket-allocator-bucket-count=8"
    "memorysetup-bucket-allocator-block-size=33554432"
    "memorysetup-bucket-allocator-block-count=8"
    "memorysetup-main-allocator-block-size=16777216"
    "memorysetup-thread-allocator-block-size=16777216"
    "memorysetup-gfx-main-allocator-block-size=16777216"
    "memorysetup-gfx-thread-allocator-block-size=16777216"
    "memorysetup-cache-allocator-block-size=4194304"
    "memorysetup-typetree-allocator-block-size=2097152"
    "memorysetup-profiler-bucket-allocator-granularity=16"
    "memorysetup-profiler-bucket-allocator-bucket-count=8"
    "memorysetup-profiler-bucket-allocator-block-size=33554432"
    "memorysetup-profiler-bucket-allocator-block-count=8"
    "memorysetup-profiler-allocator-block-size=16777216"
    "memorysetup-profiler-editor-allocator-block-size=1048576"
    "memorysetup-temp-allocator-size-main=16777216"
    "memorysetup-job-temp-allocator-block-size=2097152"
    "memorysetup-job-temp-allocator-block-size-background=1048576"
    "memorysetup-job-temp-allocator-reduction-small-platforms=262144"
    "memorysetup-temp-allocator-size-background-worker=32768"
    "memorysetup-temp-allocator-size-job-worker=262144"
    "memorysetup-temp-allocator-size-preload-manager=33554432"
    "memorysetup-temp-allocator-size-nav-mesh-worker=65536"
    "memorysetup-temp-allocator-size-audio-worker=65536"
    "memorysetup-temp-allocator-size-cloud-worker=32768"
    "memorysetup-temp-allocator-size-gi-baking-worker=262144"
    "memorysetup-temp-allocator-size-gfx=262144"
Player connection [18336] Host "[IP] 192.168.31.204 [Port] 0 [Flags] 2 [Guid] 2365332771 [EditorId] 2365332771 [Version] 1048832 [Id] WindowsEditor(7,BF-202501021008) [Debug] 1 [PackageName] WindowsEditor [ProjectName] Editor" joined multi-casting on [225.0.0.222:54997]...

Player connection [18336] Host "[IP] 192.168.31.204 [Port] 0 [Flags] 2 [Guid] 2365332771 [EditorId] 2365332771 [Version] 1048832 [Id] WindowsEditor(7,BF-202501021008) [Debug] 1 [PackageName] WindowsEditor [ProjectName] Editor" joined alternative multi-casting on [225.0.0.222:34997]...

AS: AutoStreaming module initializing.
[Physics::Module] Initialized MultithreadedJobDispatcher with {0} workers.
Refreshing native plugins compatible for Editor in 70.87 ms, found 3 plugins.
Preloading 0 native plugins for Editor in 0.01 ms.
Initialize engine version: 2021.3.41f1c1 (abf9ed549ceb)
[Subsystems] Discovering subsystems at path D:/Unity Hub/Editor/2021.3.41f1c1/Editor/Data/Resources/UnitySubsystems
[Subsystems] Discovering subsystems at path D:/UnityProject/HeadSportVolleyBall/HeadSportVolleyBall/Assets
GfxDevice: creating device client; threaded=0; jobified=0
Direct3D:
    Version:  Direct3D 11.0 [level 11.1]
    Renderer: NVIDIA GeForce GTX 1050 (ID=0x1c8d)
    Vendor:   NVIDIA
    VRAM:     4004 MB
    Driver:   32.0.15.6636
Initialize mono
Mono path[0] = 'D:/Unity Hub/Editor/2021.3.41f1c1/Editor/Data/Managed'
Mono path[1] = 'D:/Unity Hub/Editor/2021.3.41f1c1/Editor/Data/MonoBleedingEdge/lib/mono/unityjit-win32'
Mono config path = 'D:/Unity Hub/Editor/2021.3.41f1c1/Editor/Data/MonoBleedingEdge/etc'
Using monoOptions --debugger-agent=transport=dt_socket,embedding=1,server=y,suspend=n,address=127.0.0.1:56112
Begin MonoManager ReloadAssembly
Registering precompiled unity dll's ...
Register platform support module: D:/Unity Hub/Editor/2021.3.41f1c1/Editor/Data/PlaybackEngines/WebGLSupport/UnityEditor.WebGL.Extensions.dll
Register platform support module: D:/Unity Hub/Editor/2021.3.41f1c1/Editor/Data/PlaybackEngines/WindowsStandaloneSupport/UnityEditor.WindowsStandalone.Extensions.dll
Registered in 0.004539 seconds.
Native extension for WindowsStandalone target not found
Native extension for WebGL target not found
Refreshing native plugins compatible for Editor in 68.36 ms, found 3 plugins.
Preloading 0 native plugins for Editor in 0.00 ms.
Mono: successfully reloaded assembly
- Completed reload, in  0.870 seconds
Domain Reload Profiling:
	ReloadAssembly (871ms)
		BeginReloadAssembly (129ms)
			ExecutionOrderSort (0ms)
			DisableScriptedObjects (0ms)
			BackupInstance (0ms)
			ReleaseScriptingObjects (0ms)
			CreateAndSetChildDomain (1ms)
		EndReloadAssembly (617ms)
			LoadAssemblies (126ms)
			RebuildTransferFunctionScriptingTraits (0ms)
			SetupTypeCache (147ms)
			ReleaseScriptCaches (0ms)
			RebuildScriptCaches (48ms)
			SetupLoadedEditorAssemblies (364ms)
				LogAssemblyErrors (0ms)
				InitializePlatformSupportModulesInManaged (11ms)
				SetLoadedEditorAssemblies (0ms)
				RefreshPlugins (68ms)
				BeforeProcessingInitializeOnLoad (2ms)
				ProcessInitializeOnLoadAttributes (210ms)
				ProcessInitializeOnLoadMethodAttributes (72ms)
				AfterProcessingInitializeOnLoad (0ms)
				EditorAssembliesLoaded (0ms)
			ExecutionOrderSort2 (0ms)
			AwakeInstancesAfterBackupRestoration (0ms)
Platform modules already initialized, skipping
Registering precompiled user dll's ...
Registered in 0.008917 seconds.
Begin MonoManager ReloadAssembly
Native extension for WindowsStandalone target not found
Native extension for WebGL target not found
Refreshing native plugins compatible for Editor in 0.92 ms, found 3 plugins.
Preloading 0 native plugins for Editor in 0.00 ms.
Package Manager log level set to [2]
[Package Manager] Server::EnsureServerProcessIsRunning -- launch failed, reason: Unity was launched with the -noUpm command-line argument
[Package Manager] Cannot connect to Unity Package Manager local server
Mono: successfully reloaded assembly
- Completed reload, in  2.075 seconds
Domain Reload Profiling:
	ReloadAssembly (2076ms)
		BeginReloadAssembly (221ms)
			ExecutionOrderSort (0ms)
			DisableScriptedObjects (11ms)
			BackupInstance (0ms)
			ReleaseScriptingObjects (0ms)
			CreateAndSetChildDomain (36ms)
		EndReloadAssembly (1691ms)
			LoadAssemblies (155ms)
			RebuildTransferFunctionScriptingTraits (0ms)
			SetupTypeCache (403ms)
			ReleaseScriptCaches (1ms)
			RebuildScriptCaches (82ms)
			SetupLoadedEditorAssemblies (1040ms)
				LogAssemblyErrors (0ms)
				InitializePlatformSupportModulesInManaged (9ms)
				SetLoadedEditorAssemblies (1ms)
				RefreshPlugins (1ms)
				BeforeProcessingInitializeOnLoad (102ms)
				ProcessInitializeOnLoadAttributes (858ms)
				ProcessInitializeOnLoadMethodAttributes (61ms)
				AfterProcessingInitializeOnLoad (7ms)
				EditorAssembliesLoaded (0ms)
			ExecutionOrderSort2 (0ms)
			AwakeInstancesAfterBackupRestoration (7ms)
Platform modules already initialized, skipping
========================================================================
Worker process is ready to serve import requests
Launched and connected shader compiler UnityShaderCompiler.exe after 0.06 seconds
Refreshing native plugins compatible for Editor in 0.87 ms, found 3 plugins.
Preloading 0 native plugins for Editor in 0.00 ms.
Unloading 3182 Unused Serialized files (Serialized files now loaded: 0)
Unloading 30 unused Assets / (46.8 KB). Loaded Objects now: 3660.
Memory consumption went from 116.3 MB to 116.2 MB.
Total: 3.841100 ms (FindLiveObjects: 0.328600 ms CreateObjectMapping: 0.173800 ms MarkObjects: 3.249900 ms  DeleteObjects: 0.087600 ms)

AssetImportParameters requested are different than current active one (requested -> active):
  custom:video-decoder-ogg-theora: a1e56fd34408186e4bbccfd4996cb3dc -> 
  custom:container-muxer-webm: aa71ff27fc2769a1b78a27578f13a17b -> 
  custom:container-demuxer-webm: 4f35f7cbe854078d1ac9338744f61a02 -> 
  custom:video-encoder-webm-vp8: eb34c28f22e8b96e1ab97ce403110664 -> 
  custom:CustomObjectIndexerAttribute: bc11b3a6c3213fcdd17b65e7da85e133 -> 
  custom:audio-encoder-webm-vorbis: bf7c407c2cedff20999df2af8eb42d56 -> 
  custom:framework-win-MediaFoundation: 216162199b28c13a410421893ffa2e32 -> 
  custom:SearchIndexIgnoredProperties: e643bd26f0fe6173181afceb89e7c659 -> 
  custom:container-demuxer-ogg: 62fdf1f143b41e24485cea50d1cbac27 -> 
  custom:video-decoder-webm-vp8: 9c59270c3fd7afecdb556c50c9e8de78 -> 
  custom:audio-decoder-ogg-vorbis: bf7c407c2cedff20999df2af8eb42d56 -> 
========================================================================
Received Import Request.
  Time since last request: 2897.136339 seconds.
  path: Assets/Volleyball/Plugins
  artifactKey: Guid(666ca15000371f847b2ed8ab6b2725b3) Importer(815301076,1909f56bfc062723c751e8b465ee728b)
Number of updated assets reloaded before import = 0
Start importing Assets/Volleyball/Plugins using Guid(666ca15000371f847b2ed8ab6b2725b3) Importer(815301076,1909f56bfc062723c751e8b465ee728b)  -> (artifact id: 'd034dc0245a76b824ac25cd84b120983') in 0.019323 seconds 
Number of asset objects unloaded after import = 0
========================================================================
Received Import Request.
  Time since last request: 7.657254 seconds.
  path: Assets/Volleyball/Font/STHUPO SDF 1.asset
  artifactKey: Guid(04ba0e14e3e0d704b902532b8c1a62ad) Importer(815301076,1909f56bfc062723c751e8b465ee728b)
Number of updated assets reloaded before import = 0
Start importing Assets/Volleyball/Font/STHUPO SDF 1.asset using Guid(04ba0e14e3e0d704b902532b8c1a62ad) Importer(815301076,1909f56bfc062723c751e8b465ee728b)  -> (artifact id: 'f3eb329f94090467b6d2d314704e5d31') in 0.200512 seconds 
Number of asset objects unloaded after import = 6
========================================================================
Received Import Request.
  Time since last request: 187.400266 seconds.
  path: Assets/Volleyball/Sprites
  artifactKey: Guid(5f1e15289e257a5418acf88580e0ee61) Importer(815301076,1909f56bfc062723c751e8b465ee728b)
Number of updated assets reloaded before import = 0
Start importing Assets/Volleyball/Sprites using Guid(5f1e15289e257a5418acf88580e0ee61) Importer(815301076,1909f56bfc062723c751e8b465ee728b)  -> (artifact id: '29eae142e0c21ce554fa5a7b16b6f765') in 0.002417 seconds 
Number of asset objects unloaded after import = 0
========================================================================
Received Import Request.
  Time since last request: 1.106906 seconds.
  path: Assets/Volleyball/Sprites/Weather
  artifactKey: Guid(4a911cbcad468d543839e65dcaaf0472) Importer(815301076,1909f56bfc062723c751e8b465ee728b)
Number of updated assets reloaded before import = 0
Start importing Assets/Volleyball/Sprites/Weather using Guid(4a911cbcad468d543839e65dcaaf0472) Importer(815301076,1909f56bfc062723c751e8b465ee728b)  -> (artifact id: 'c00ec318107723f2d2f39806942fd900') in 0.002930 seconds 
Number of asset objects unloaded after import = 0
========================================================================
Received Import Request.
  Time since last request: 0.039411 seconds.
  path: Assets/Volleyball/Sprites/Weather/Rain.mat
  artifactKey: Guid(98d9455f611831e47b2487b52d613bba) Importer(815301076,1909f56bfc062723c751e8b465ee728b)
Number of updated assets reloaded before import = 0
Start importing Assets/Volleyball/Sprites/Weather/Rain.mat using Guid(98d9455f611831e47b2487b52d613bba) Importer(815301076,1909f56bfc062723c751e8b465ee728b)  -> (artifact id: '6b75525e6678d408e0e6af508293e34b') in 0.058852 seconds 
Number of asset objects unloaded after import = 2
========================================================================
Received Import Request.
  Time since last request: 0.000019 seconds.
  path: Assets/Volleyball/Sprites/Weather/SnowEffect.png
  artifactKey: Guid(e76be12718762b747b5efdf825d5e136) Importer(815301076,1909f56bfc062723c751e8b465ee728b)
Number of updated assets reloaded before import = 0
Start importing Assets/Volleyball/Sprites/Weather/SnowEffect.png using Guid(e76be12718762b747b5efdf825d5e136) Importer(815301076,1909f56bfc062723c751e8b465ee728b)  -> (artifact id: '4642f33777e646de3e4988c9e9f47155') in 0.226234 seconds 
Number of asset objects unloaded after import = 3
========================================================================
Received Import Request.
  Time since last request: 0.000037 seconds.
  path: Assets/Volleyball/Sprites/Weather/RainEffect.png
  artifactKey: Guid(4adcf8fc017ba974c947117af146f4b3) Importer(815301076,1909f56bfc062723c751e8b465ee728b)
Number of updated assets reloaded before import = 0
Start importing Assets/Volleyball/Sprites/Weather/RainEffect.png using Guid(4adcf8fc017ba974c947117af146f4b3) Importer(815301076,1909f56bfc062723c751e8b465ee728b)  -> (artifact id: '24a7e8bbc514241bb10e44be6dcb9f62') in 0.061743 seconds 
Number of asset objects unloaded after import = 3
========================================================================
Received Import Request.
  Time since last request: 1.459340 seconds.
  path: Assets/Volleyball/Sprites/Setting
  artifactKey: Guid(4baef71e80c9dd44a8e5fdc1fa2b4d24) Importer(815301076,1909f56bfc062723c751e8b465ee728b)
Number of updated assets reloaded before import = 0
Start importing Assets/Volleyball/Sprites/Setting using Guid(4baef71e80c9dd44a8e5fdc1fa2b4d24) Importer(815301076,1909f56bfc062723c751e8b465ee728b)  -> (artifact id: '855ae0383b13375f6aa7f541904090a5') in 0.002941 seconds 
Number of asset objects unloaded after import = 0
========================================================================
Received Import Request.
  Time since last request: 0.087567 seconds.
  path: Assets/Volleyball/Sprites/Setting/BackBtn.png
  artifactKey: Guid(c97ae04c5838d904bb6782da271e98b8) Importer(815301076,1909f56bfc062723c751e8b465ee728b)
Number of updated assets reloaded before import = 0
Start importing Assets/Volleyball/Sprites/Setting/BackBtn.png using Guid(c97ae04c5838d904bb6782da271e98b8) Importer(815301076,1909f56bfc062723c751e8b465ee728b)  -> (artifact id: 'df82bf3c46de911b662522cf0f497603') in 0.035157 seconds 
Number of asset objects unloaded after import = 3
========================================================================
Received Import Request.
  Time since last request: 0.000024 seconds.
  path: Assets/Volleyball/Sprites/Setting/WeatherRainy.png
  artifactKey: Guid(06445ec7827de5f45852517b587aad61) Importer(815301076,1909f56bfc062723c751e8b465ee728b)
Number of updated assets reloaded before import = 0
Start importing Assets/Volleyball/Sprites/Setting/WeatherRainy.png using Guid(06445ec7827de5f45852517b587aad61) Importer(815301076,1909f56bfc062723c751e8b465ee728b)  -> (artifact id: '863f811563cea060e53af1ec0ac503d9') in 0.021380 seconds 
Number of asset objects unloaded after import = 3
========================================================================
Received Import Request.
  Time since last request: 0.000023 seconds.
  path: Assets/Volleyball/Sprites/Setting/WeatherSnowy.png
  artifactKey: Guid(3f08ded11027d394aa3509ba30232253) Importer(815301076,1909f56bfc062723c751e8b465ee728b)
Number of updated assets reloaded before import = 0
Start importing Assets/Volleyball/Sprites/Setting/WeatherSnowy.png using Guid(3f08ded11027d394aa3509ba30232253) Importer(815301076,1909f56bfc062723c751e8b465ee728b)  -> (artifact id: '89a513a2a5531d369a9495997d45b42e') in 0.018007 seconds 
Number of asset objects unloaded after import = 3
========================================================================
Received Import Request.
  Time since last request: 0.000027 seconds.
  path: Assets/Volleyball/Sprites/Setting/Level0.png
  artifactKey: Guid(c86669579eff3cf489ef0ba5873b8c3c) Importer(815301076,1909f56bfc062723c751e8b465ee728b)
Number of updated assets reloaded before import = 0
Start importing Assets/Volleyball/Sprites/Setting/Level0.png using Guid(c86669579eff3cf489ef0ba5873b8c3c) Importer(815301076,1909f56bfc062723c751e8b465ee728b)  -> (artifact id: '80129e45c70dafd6ff94ac0aee853751') in 0.016684 seconds 
Number of asset objects unloaded after import = 3
========================================================================
Received Import Request.
  Time since last request: 0.000028 seconds.
  path: Assets/Volleyball/Sprites/Setting/SelectLeftBtn.png
  artifactKey: Guid(448f6443d53470541b07659bffc3475e) Importer(815301076,1909f56bfc062723c751e8b465ee728b)
Number of updated assets reloaded before import = 0
Start importing Assets/Volleyball/Sprites/Setting/SelectLeftBtn.png using Guid(448f6443d53470541b07659bffc3475e) Importer(815301076,1909f56bfc062723c751e8b465ee728b)  -> (artifact id: '5aada189994ab3bf009720e752160813') in 0.015553 seconds 
Number of asset objects unloaded after import = 3
========================================================================
Received Import Request.
  Time since last request: 0.000028 seconds.
  path: Assets/Volleyball/Sprites/Setting/SelectRightBtn.png
  artifactKey: Guid(d6d53cb40579ded41a815cf0d8af5c0f) Importer(815301076,1909f56bfc062723c751e8b465ee728b)
Number of updated assets reloaded before import = 0
Start importing Assets/Volleyball/Sprites/Setting/SelectRightBtn.png using Guid(d6d53cb40579ded41a815cf0d8af5c0f) Importer(815301076,1909f56bfc062723c751e8b465ee728b)  -> (artifact id: '214399ec2ab9ed9aa0642dff16614af4') in 0.010849 seconds 
Number of asset objects unloaded after import = 3
========================================================================
Received Import Request.
  Time since last request: 0.000015 seconds.
  path: Assets/Volleyball/Sprites/Setting/bgShadow.png
  artifactKey: Guid(35457c963a6d831439238479f51f96a8) Importer(815301076,1909f56bfc062723c751e8b465ee728b)
Number of updated assets reloaded before import = 0
Start importing Assets/Volleyball/Sprites/Setting/bgShadow.png using Guid(35457c963a6d831439238479f51f96a8) Importer(815301076,1909f56bfc062723c751e8b465ee728b)  -> (artifact id: '872e1e0f657185def4445e7a1009bdb7') in 0.066702 seconds 
Number of asset objects unloaded after import = 3
========================================================================
Received Import Request.
  Time since last request: 0.000020 seconds.
  path: Assets/Volleyball/Sprites/Setting/night.png
  artifactKey: Guid(f8e470237d020aa48ab35ae6c72a4d9c) Importer(815301076,1909f56bfc062723c751e8b465ee728b)
Number of updated assets reloaded before import = 0
Start importing Assets/Volleyball/Sprites/Setting/night.png using Guid(f8e470237d020aa48ab35ae6c72a4d9c) Importer(815301076,1909f56bfc062723c751e8b465ee728b)  -> (artifact id: '03b22811285ae284a894051f218d76e7') in 0.013249 seconds 
Number of asset objects unloaded after import = 3
========================================================================
Received Import Request.
  Time since last request: 0.000020 seconds.
  path: Assets/Volleyball/Sprites/Setting/PlayerStand.png
  artifactKey: Guid(3533f3ba7fcc1244bb6beaebcb230833) Importer(815301076,1909f56bfc062723c751e8b465ee728b)
Number of updated assets reloaded before import = 0
Start importing Assets/Volleyball/Sprites/Setting/PlayerStand.png using Guid(3533f3ba7fcc1244bb6beaebcb230833) Importer(815301076,1909f56bfc062723c751e8b465ee728b)  -> (artifact id: '75a6af9808f56d3897f010628c1fbf3d') in 0.021684 seconds 
Number of asset objects unloaded after import = 3
========================================================================
Received Import Request.
  Time since last request: 0.000019 seconds.
  path: Assets/Volleyball/Sprites/Setting/Level2.png
  artifactKey: Guid(b20fa7e64012f214c8167119d597711b) Importer(815301076,1909f56bfc062723c751e8b465ee728b)
Number of updated assets reloaded before import = 0
Start importing Assets/Volleyball/Sprites/Setting/Level2.png using Guid(b20fa7e64012f214c8167119d597711b) Importer(815301076,1909f56bfc062723c751e8b465ee728b)  -> (artifact id: 'e78f17b4eb443a216421d8ea5f3ce9d5') in 0.011755 seconds 
Number of asset objects unloaded after import = 3
========================================================================
Received Import Request.
  Time since last request: 0.000019 seconds.
  path: Assets/Volleyball/Sprites/Setting/day.png
  artifactKey: Guid(bffb081311f09d34a8744d1e2aa019f9) Importer(815301076,1909f56bfc062723c751e8b465ee728b)
Number of updated assets reloaded before import = 0
Start importing Assets/Volleyball/Sprites/Setting/day.png using Guid(bffb081311f09d34a8744d1e2aa019f9) Importer(815301076,1909f56bfc062723c751e8b465ee728b)  -> (artifact id: 'd31c292e1cc725b02732c98388371c0f') in 0.013665 seconds 
Number of asset objects unloaded after import = 3
========================================================================
Received Import Request.
  Time since last request: 2.376293 seconds.
  path: Assets/Volleyball/Sprites/Setting/Ground
  artifactKey: Guid(bfba7e535c329944a9bafdf471b7bb80) Importer(815301076,1909f56bfc062723c751e8b465ee728b)
Number of updated assets reloaded before import = 0
Start importing Assets/Volleyball/Sprites/Setting/Ground using Guid(bfba7e535c329944a9bafdf471b7bb80) Importer(815301076,1909f56bfc062723c751e8b465ee728b)  -> (artifact id: 'd25c84c779b299ecbce2c92d8a373d27') in 0.010632 seconds 
Number of asset objects unloaded after import = 0
========================================================================
Received Import Request.
  Time since last request: 0.074969 seconds.
  path: Assets/Volleyball/Sprites/Setting/Ground/G1.png
  artifactKey: Guid(6e87904593e00514c84fff53f395ba56) Importer(815301076,1909f56bfc062723c751e8b465ee728b)
Number of updated assets reloaded before import = 0
Start importing Assets/Volleyball/Sprites/Setting/Ground/G1.png using Guid(6e87904593e00514c84fff53f395ba56) Importer(815301076,1909f56bfc062723c751e8b465ee728b)  -> (artifact id: 'f39bea1b9c19e7221795b97446e3ef45') in 0.014475 seconds 
Number of asset objects unloaded after import = 3
========================================================================
Received Import Request.
  Time since last request: 0.000019 seconds.
  path: Assets/Volleyball/Sprites/Setting/Ground/G3.png
  artifactKey: Guid(b3929c75c46ba9e4aaeda187591871d8) Importer(815301076,1909f56bfc062723c751e8b465ee728b)
Number of updated assets reloaded before import = 0
Start importing Assets/Volleyball/Sprites/Setting/Ground/G3.png using Guid(b3929c75c46ba9e4aaeda187591871d8) Importer(815301076,1909f56bfc062723c751e8b465ee728b)  -> (artifact id: '09d2f65f3ade9b6000eb869662e2d6e6') in 0.011732 seconds 
Number of asset objects unloaded after import = 3
========================================================================
Received Import Request.
  Time since last request: 6.935573 seconds.
  path: Assets/Volleyball/Sprites/Pause/PlayBtn.png
  artifactKey: Guid(d3c11dffcd989374caef28bab34e3b15) Importer(815301076,1909f56bfc062723c751e8b465ee728b)
Number of updated assets reloaded before import = 0
Start importing Assets/Volleyball/Sprites/Pause/PlayBtn.png using Guid(d3c11dffcd989374caef28bab34e3b15) Importer(815301076,1909f56bfc062723c751e8b465ee728b)  -> (artifact id: '589f0bd5284047f4621e52ebffd8424a') in 0.041561 seconds 
Number of asset objects unloaded after import = 3
========================================================================
Received Import Request.
  Time since last request: 2.556581 seconds.
  path: Assets/Volleyball/Sprites/Menu/MenuAchivmentsBtn.png
  artifactKey: Guid(1de8ab27853fd4d42af36009eaa59a94) Importer(815301076,1909f56bfc062723c751e8b465ee728b)
Number of updated assets reloaded before import = 0
Start importing Assets/Volleyball/Sprites/Menu/MenuAchivmentsBtn.png using Guid(1de8ab27853fd4d42af36009eaa59a94) Importer(815301076,1909f56bfc062723c751e8b465ee728b)  -> (artifact id: '6af20e9b5e704fdd2cf768a431473450') in 0.038621 seconds 
Number of asset objects unloaded after import = 3
========================================================================
Received Import Request.
  Time since last request: 0.000040 seconds.
  path: Assets/Volleyball/Sprites/Menu/MenuMusicOffBtn.png
  artifactKey: Guid(31c1d6f3f0eb05f4b8ed3112a8828d29) Importer(815301076,1909f56bfc062723c751e8b465ee728b)
Number of updated assets reloaded before import = 0
Start importing Assets/Volleyball/Sprites/Menu/MenuMusicOffBtn.png using Guid(31c1d6f3f0eb05f4b8ed3112a8828d29) Importer(815301076,1909f56bfc062723c751e8b465ee728b)  -> (artifact id: '4e254a1828026035c5b77940fe6e3916') in 0.026222 seconds 
Number of asset objects unloaded after import = 3
========================================================================
Received Import Request.
  Time since last request: 0.000030 seconds.
  path: Assets/Volleyball/Sprites/Menu/MenuPlayBtn.png
  artifactKey: Guid(ea2c6cf1e31692c44be43dd115e6d1ac) Importer(815301076,1909f56bfc062723c751e8b465ee728b)
Number of updated assets reloaded before import = 0
Start importing Assets/Volleyball/Sprites/Menu/MenuPlayBtn.png using Guid(ea2c6cf1e31692c44be43dd115e6d1ac) Importer(815301076,1909f56bfc062723c751e8b465ee728b)  -> (artifact id: '8ecd280f92d8877108a7632a777ecd77') in 0.025374 seconds 
Number of asset objects unloaded after import = 3
========================================================================
Received Import Request.
  Time since last request: 2.604905 seconds.
  path: Assets/Volleyball/Sprites/InGame/Ground2.png
  artifactKey: Guid(c8fc5b598e9266342b27c432046a3bb9) Importer(815301076,1909f56bfc062723c751e8b465ee728b)
Number of updated assets reloaded before import = 0
Start importing Assets/Volleyball/Sprites/InGame/Ground2.png using Guid(c8fc5b598e9266342b27c432046a3bb9) Importer(815301076,1909f56bfc062723c751e8b465ee728b)  -> (artifact id: '14468bfbf0fd010c925861b3dd6fd008') in 0.088349 seconds 
Number of asset objects unloaded after import = 3
Editor requested this worker to shutdown with reason: Scaling down because of idle timeout
AssetImportWorker is now disconnected from the server
Process exiting
Exiting without the bug reporter. Application will terminate with return code 0