Using pre-set license
Built from '2020.3/china_unity/release' branch; Version is '2021.3.41f1c1 (abf9ed549ceb) revision 11270637'; Using compiler version '192829333'; Build Type 'Release'
OS: 'Windows 10  (10.0.19043) 64bit Professional' Language: 'zh' Physical Memory: 65440 MB
BatchMode: 1, IsHumanControllingUs: 0, StartBugReporterOnCrash: 0, Is64bit: 1, IsPro: 1

COMMAND LINE ARGUMENTS:
D:\Unity Hub\Editor\2021.3.41f1c1\Editor\Unity.exe
-adb2
-batchMode
-noUpm
-name
AssetImportWorker1
-projectPath
D:/UnityProject/HeadSportVolleyBall/HeadSportVolleyBall
-logFile
Logs/AssetImportWorker1.log
-srvPort
51434
Successfully changed project path to: D:/UnityProject/HeadSportVolleyBall/HeadSportVolleyBall
D:/UnityProject/HeadSportVolleyBall/HeadSportVolleyBall
[UnityMemory] Configuration Parameters - Can be set up in boot.config
    "memorysetup-bucket-allocator-granularity=16"
    "memorysetup-bucket-allocator-bucket-count=8"
    "memorysetup-bucket-allocator-block-size=33554432"
    "memorysetup-bucket-allocator-block-count=8"
    "memorysetup-main-allocator-block-size=16777216"
    "memorysetup-thread-allocator-block-size=16777216"
    "memorysetup-gfx-main-allocator-block-size=16777216"
    "memorysetup-gfx-thread-allocator-block-size=16777216"
    "memorysetup-cache-allocator-block-size=4194304"
    "memorysetup-typetree-allocator-block-size=2097152"
    "memorysetup-profiler-bucket-allocator-granularity=16"
    "memorysetup-profiler-bucket-allocator-bucket-count=8"
    "memorysetup-profiler-bucket-allocator-block-size=33554432"
    "memorysetup-profiler-bucket-allocator-block-count=8"
    "memorysetup-profiler-allocator-block-size=16777216"
    "memorysetup-profiler-editor-allocator-block-size=1048576"
    "memorysetup-temp-allocator-size-main=16777216"
    "memorysetup-job-temp-allocator-block-size=2097152"
    "memorysetup-job-temp-allocator-block-size-background=1048576"
    "memorysetup-job-temp-allocator-reduction-small-platforms=262144"
    "memorysetup-temp-allocator-size-background-worker=32768"
    "memorysetup-temp-allocator-size-job-worker=262144"
    "memorysetup-temp-allocator-size-preload-manager=33554432"
    "memorysetup-temp-allocator-size-nav-mesh-worker=65536"
    "memorysetup-temp-allocator-size-audio-worker=65536"
    "memorysetup-temp-allocator-size-cloud-worker=32768"
    "memorysetup-temp-allocator-size-gi-baking-worker=262144"
    "memorysetup-temp-allocator-size-gfx=262144"
Player connection [10836] Host "[IP] 192.168.31.204 [Port] 0 [Flags] 2 [Guid] 3064551724 [EditorId] 3064551724 [Version] 1048832 [Id] WindowsEditor(7,BF-202501021008) [Debug] 1 [PackageName] WindowsEditor [ProjectName] Editor" joined multi-casting on [225.0.0.222:54997]...

Player connection [10836] Host "[IP] 192.168.31.204 [Port] 0 [Flags] 2 [Guid] 3064551724 [EditorId] 3064551724 [Version] 1048832 [Id] WindowsEditor(7,BF-202501021008) [Debug] 1 [PackageName] WindowsEditor [ProjectName] Editor" joined alternative multi-casting on [225.0.0.222:34997]...

AS: AutoStreaming module initializing.
[Physics::Module] Initialized MultithreadedJobDispatcher with {0} workers.
Refreshing native plugins compatible for Editor in 70.92 ms, found 3 plugins.
Preloading 0 native plugins for Editor in 0.00 ms.
Initialize engine version: 2021.3.41f1c1 (abf9ed549ceb)
[Subsystems] Discovering subsystems at path D:/Unity Hub/Editor/2021.3.41f1c1/Editor/Data/Resources/UnitySubsystems
[Subsystems] Discovering subsystems at path D:/UnityProject/HeadSportVolleyBall/HeadSportVolleyBall/Assets
GfxDevice: creating device client; threaded=0; jobified=0
Direct3D:
    Version:  Direct3D 11.0 [level 11.1]
    Renderer: NVIDIA GeForce GTX 1050 (ID=0x1c8d)
    Vendor:   NVIDIA
    VRAM:     4004 MB
    Driver:   32.0.15.6636
Initialize mono
Mono path[0] = 'D:/Unity Hub/Editor/2021.3.41f1c1/Editor/Data/Managed'
Mono path[1] = 'D:/Unity Hub/Editor/2021.3.41f1c1/Editor/Data/MonoBleedingEdge/lib/mono/unityjit-win32'
Mono config path = 'D:/Unity Hub/Editor/2021.3.41f1c1/Editor/Data/MonoBleedingEdge/etc'
Using monoOptions --debugger-agent=transport=dt_socket,embedding=1,server=y,suspend=n,address=127.0.0.1:56792
Begin MonoManager ReloadAssembly
Registering precompiled unity dll's ...
Register platform support module: D:/Unity Hub/Editor/2021.3.41f1c1/Editor/Data/PlaybackEngines/WebGLSupport/UnityEditor.WebGL.Extensions.dll
Register platform support module: D:/Unity Hub/Editor/2021.3.41f1c1/Editor/Data/PlaybackEngines/WindowsStandaloneSupport/UnityEditor.WindowsStandalone.Extensions.dll
Registered in 0.004495 seconds.
Native extension for WindowsStandalone target not found
Native extension for WebGL target not found
Refreshing native plugins compatible for Editor in 69.42 ms, found 3 plugins.
Preloading 0 native plugins for Editor in 0.00 ms.
Mono: successfully reloaded assembly
- Completed reload, in  0.870 seconds
Domain Reload Profiling:
	ReloadAssembly (870ms)
		BeginReloadAssembly (123ms)
			ExecutionOrderSort (0ms)
			DisableScriptedObjects (0ms)
			BackupInstance (0ms)
			ReleaseScriptingObjects (0ms)
			CreateAndSetChildDomain (1ms)
		EndReloadAssembly (619ms)
			LoadAssemblies (121ms)
			RebuildTransferFunctionScriptingTraits (0ms)
			SetupTypeCache (149ms)
			ReleaseScriptCaches (0ms)
			RebuildScriptCaches (61ms)
			SetupLoadedEditorAssemblies (353ms)
				LogAssemblyErrors (0ms)
				InitializePlatformSupportModulesInManaged (12ms)
				SetLoadedEditorAssemblies (0ms)
				RefreshPlugins (70ms)
				BeforeProcessingInitializeOnLoad (2ms)
				ProcessInitializeOnLoadAttributes (205ms)
				ProcessInitializeOnLoadMethodAttributes (64ms)
				AfterProcessingInitializeOnLoad (0ms)
				EditorAssembliesLoaded (0ms)
			ExecutionOrderSort2 (0ms)
			AwakeInstancesAfterBackupRestoration (0ms)
Platform modules already initialized, skipping
Registering precompiled user dll's ...
Registered in 0.009195 seconds.
Begin MonoManager ReloadAssembly
Native extension for WindowsStandalone target not found
Native extension for WebGL target not found
Refreshing native plugins compatible for Editor in 0.73 ms, found 3 plugins.
Preloading 0 native plugins for Editor in 0.00 ms.
Package Manager log level set to [2]
[Package Manager] Server::EnsureServerProcessIsRunning -- launch failed, reason: Unity was launched with the -noUpm command-line argument
[Package Manager] Cannot connect to Unity Package Manager local server
Mono: successfully reloaded assembly
- Completed reload, in  1.971 seconds
Domain Reload Profiling:
	ReloadAssembly (1972ms)
		BeginReloadAssembly (182ms)
			ExecutionOrderSort (0ms)
			DisableScriptedObjects (9ms)
			BackupInstance (0ms)
			ReleaseScriptingObjects (0ms)
			CreateAndSetChildDomain (32ms)
		EndReloadAssembly (1650ms)
			LoadAssemblies (124ms)
			RebuildTransferFunctionScriptingTraits (0ms)
			SetupTypeCache (387ms)
			ReleaseScriptCaches (1ms)
			RebuildScriptCaches (81ms)
			SetupLoadedEditorAssemblies (1027ms)
				LogAssemblyErrors (0ms)
				InitializePlatformSupportModulesInManaged (8ms)
				SetLoadedEditorAssemblies (1ms)
				RefreshPlugins (1ms)
				BeforeProcessingInitializeOnLoad (92ms)
				ProcessInitializeOnLoadAttributes (856ms)
				ProcessInitializeOnLoadMethodAttributes (61ms)
				AfterProcessingInitializeOnLoad (8ms)
				EditorAssembliesLoaded (0ms)
			ExecutionOrderSort2 (0ms)
			AwakeInstancesAfterBackupRestoration (7ms)
Platform modules already initialized, skipping
========================================================================
Worker process is ready to serve import requests
Launched and connected shader compiler UnityShaderCompiler.exe after 0.04 seconds
Refreshing native plugins compatible for Editor in 0.79 ms, found 3 plugins.
Preloading 0 native plugins for Editor in 0.00 ms.
Unloading 3182 Unused Serialized files (Serialized files now loaded: 0)
Unloading 30 unused Assets / (46.4 KB). Loaded Objects now: 3660.
Memory consumption went from 116.3 MB to 116.2 MB.
Total: 3.770600 ms (FindLiveObjects: 0.389400 ms CreateObjectMapping: 0.198400 ms MarkObjects: 3.103400 ms  DeleteObjects: 0.078400 ms)

AssetImportParameters requested are different than current active one (requested -> active):
  custom:video-decoder-ogg-theora: a1e56fd34408186e4bbccfd4996cb3dc -> 
  custom:container-muxer-webm: aa71ff27fc2769a1b78a27578f13a17b -> 
  custom:container-demuxer-webm: 4f35f7cbe854078d1ac9338744f61a02 -> 
  custom:video-encoder-webm-vp8: eb34c28f22e8b96e1ab97ce403110664 -> 
  custom:CustomObjectIndexerAttribute: bc11b3a6c3213fcdd17b65e7da85e133 -> 
  custom:audio-encoder-webm-vorbis: bf7c407c2cedff20999df2af8eb42d56 -> 
  custom:framework-win-MediaFoundation: 216162199b28c13a410421893ffa2e32 -> 
  custom:SearchIndexIgnoredProperties: e643bd26f0fe6173181afceb89e7c659 -> 
  custom:container-demuxer-ogg: 62fdf1f143b41e24485cea50d1cbac27 -> 
  custom:video-decoder-webm-vp8: 9c59270c3fd7afecdb556c50c9e8de78 -> 
  custom:audio-decoder-ogg-vorbis: bf7c407c2cedff20999df2af8eb42d56 -> 
========================================================================
Received Import Request.
  Time since last request: 3093.576777 seconds.
  path: Assets/Volleyball/Sprites/Weather/Rain.png
  artifactKey: Guid(8cc3fca852d25414885ae2ecda275ec3) Importer(815301076,1909f56bfc062723c751e8b465ee728b)
Number of updated assets reloaded before import = 0
Start importing Assets/Volleyball/Sprites/Weather/Rain.png using Guid(8cc3fca852d25414885ae2ecda275ec3) Importer(815301076,1909f56bfc062723c751e8b465ee728b)  -> (artifact id: '48abc2cc7a4fdd256a33de3478b7f820') in 0.182911 seconds 
Number of asset objects unloaded after import = 3
========================================================================
Received Import Request.
  Time since last request: 0.000032 seconds.
  path: Assets/Volleyball/Sprites/Weather/Snow.mat
  artifactKey: Guid(be820e76edd68464ab1d6a33253a34f2) Importer(815301076,1909f56bfc062723c751e8b465ee728b)
Number of updated assets reloaded before import = 0
Start importing Assets/Volleyball/Sprites/Weather/Snow.mat using Guid(be820e76edd68464ab1d6a33253a34f2) Importer(815301076,1909f56bfc062723c751e8b465ee728b)  -> (artifact id: '6410a9111300828a6754ae4b3011217f') in 0.099822 seconds 
Number of asset objects unloaded after import = 2
========================================================================
Received Import Request.
  Time since last request: 0.000034 seconds.
  path: Assets/Volleyball/Sprites/Weather/Snow.png
  artifactKey: Guid(a0a13dce552822243bd04b60a1a44576) Importer(815301076,1909f56bfc062723c751e8b465ee728b)
Number of updated assets reloaded before import = 0
Start importing Assets/Volleyball/Sprites/Weather/Snow.png using Guid(a0a13dce552822243bd04b60a1a44576) Importer(815301076,1909f56bfc062723c751e8b465ee728b)  -> (artifact id: '416e0b39ac8a2539a467e56cf9ae4626') in 0.014657 seconds 
Number of asset objects unloaded after import = 3
========================================================================
Received Import Request.
  Time since last request: 1.596760 seconds.
  path: Assets/Volleyball/Sprites/Setting/bg.png
  artifactKey: Guid(a29258470fde78449b6d425c6d8e2e76) Importer(815301076,1909f56bfc062723c751e8b465ee728b)
Number of updated assets reloaded before import = 0
Start importing Assets/Volleyball/Sprites/Setting/bg.png using Guid(a29258470fde78449b6d425c6d8e2e76) Importer(815301076,1909f56bfc062723c751e8b465ee728b)  -> (artifact id: 'acd638ace7811bea2d4b5754753dce6c') in 0.215291 seconds 
Number of asset objects unloaded after import = 3
========================================================================
Received Import Request.
  Time since last request: 0.000024 seconds.
  path: Assets/Volleyball/Sprites/Setting/Level1.png
  artifactKey: Guid(39e95a65057baf3479a1b09fd26f10c0) Importer(815301076,1909f56bfc062723c751e8b465ee728b)
Number of updated assets reloaded before import = 0
Start importing Assets/Volleyball/Sprites/Setting/Level1.png using Guid(39e95a65057baf3479a1b09fd26f10c0) Importer(815301076,1909f56bfc062723c751e8b465ee728b)  -> (artifact id: '64fa1f5bff47dbd30f93b5b52cec8dac') in 0.014347 seconds 
Number of asset objects unloaded after import = 3
========================================================================
Received Import Request.
  Time since last request: 0.000026 seconds.
  path: Assets/Volleyball/Sprites/Setting/WeatherSunny.png
  artifactKey: Guid(8038b4a1b94f97c43a93b316a0cd20ea) Importer(815301076,1909f56bfc062723c751e8b465ee728b)
Number of updated assets reloaded before import = 0
Start importing Assets/Volleyball/Sprites/Setting/WeatherSunny.png using Guid(8038b4a1b94f97c43a93b316a0cd20ea) Importer(815301076,1909f56bfc062723c751e8b465ee728b)  -> (artifact id: '72e229abff3a0c02def77f459a86c922') in 0.015361 seconds 
Number of asset objects unloaded after import = 3
========================================================================
Received Import Request.
  Time since last request: 0.000024 seconds.
  path: Assets/Volleyball/Sprites/Setting/Time.png
  artifactKey: Guid(e2e3760a15d81d84aaee9f3703c78a5e) Importer(815301076,1909f56bfc062723c751e8b465ee728b)
Number of updated assets reloaded before import = 0
Start importing Assets/Volleyball/Sprites/Setting/Time.png using Guid(e2e3760a15d81d84aaee9f3703c78a5e) Importer(815301076,1909f56bfc062723c751e8b465ee728b)  -> (artifact id: '2acac3fd60607bc26bccaa6f846429b7') in 0.015151 seconds 
Number of asset objects unloaded after import = 3
========================================================================
Received Import Request.
  Time since last request: 0.000020 seconds.
  path: Assets/Volleyball/Sprites/Setting/PlayBtn.png
  artifactKey: Guid(a17922063a8a418468af8c0418f81223) Importer(815301076,1909f56bfc062723c751e8b465ee728b)
Number of updated assets reloaded before import = 0
Start importing Assets/Volleyball/Sprites/Setting/PlayBtn.png using Guid(a17922063a8a418468af8c0418f81223) Importer(815301076,1909f56bfc062723c751e8b465ee728b)  -> (artifact id: 'c621204e8920dd3a06c626043d1185be') in 0.020566 seconds 
Number of asset objects unloaded after import = 3
========================================================================
Received Import Request.
  Time since last request: 2.442242 seconds.
  path: Assets/Volleyball/Sprites/Setting/Ground/G2.png
  artifactKey: Guid(99724d5adf8a50f49a1bc398956153c1) Importer(815301076,1909f56bfc062723c751e8b465ee728b)
Number of updated assets reloaded before import = 0
Start importing Assets/Volleyball/Sprites/Setting/Ground/G2.png using Guid(99724d5adf8a50f49a1bc398956153c1) Importer(815301076,1909f56bfc062723c751e8b465ee728b)  -> (artifact id: '466a04e6e31cf4d1c388d0bd2419e9b9') in 0.016390 seconds 
Number of asset objects unloaded after import = 3
========================================================================
Received Import Request.
  Time since last request: 6.947216 seconds.
  path: Assets/Volleyball/Sprites/Pause/PlayerBoard.png
  artifactKey: Guid(39201d7b1a757c44aa59c827462549ab) Importer(815301076,1909f56bfc062723c751e8b465ee728b)
Number of updated assets reloaded before import = 0
Start importing Assets/Volleyball/Sprites/Pause/PlayerBoard.png using Guid(39201d7b1a757c44aa59c827462549ab) Importer(815301076,1909f56bfc062723c751e8b465ee728b)  -> (artifact id: '141534c4dc08efcea26f594f140f7e1d') in 0.033301 seconds 
Number of asset objects unloaded after import = 3
========================================================================
Received Import Request.
  Time since last request: 2.565520 seconds.
  path: Assets/Volleyball/Sprites/Menu/MenuCloseBtn.png
  artifactKey: Guid(0c253ae08dece234a8b02f5e5df91889) Importer(815301076,1909f56bfc062723c751e8b465ee728b)
Number of updated assets reloaded before import = 0
Start importing Assets/Volleyball/Sprites/Menu/MenuCloseBtn.png using Guid(0c253ae08dece234a8b02f5e5df91889) Importer(815301076,1909f56bfc062723c751e8b465ee728b)  -> (artifact id: '3ad67ae8de7fb20aa0bbcd0b8cc681ed') in 0.026713 seconds 
Number of asset objects unloaded after import = 3
========================================================================
Received Import Request.
  Time since last request: 0.000023 seconds.
  path: Assets/Volleyball/Sprites/Menu/MenuMusicOnBtn.png
  artifactKey: Guid(9cf535f932229fa4495b5b5f5fee2c42) Importer(815301076,1909f56bfc062723c751e8b465ee728b)
Number of updated assets reloaded before import = 0
Start importing Assets/Volleyball/Sprites/Menu/MenuMusicOnBtn.png using Guid(9cf535f932229fa4495b5b5f5fee2c42) Importer(815301076,1909f56bfc062723c751e8b465ee728b)  -> (artifact id: '0d24396be53450612aa2ce31f26702c9') in 0.027102 seconds 
Number of asset objects unloaded after import = 3
========================================================================
Received Import Request.
  Time since last request: 0.000034 seconds.
  path: Assets/Volleyball/Sprites/Menu/MenuSoundOnBtn.png
  artifactKey: Guid(ac2aae5ff5fa6234490da9eda6087f38) Importer(815301076,1909f56bfc062723c751e8b465ee728b)
Number of updated assets reloaded before import = 0
Start importing Assets/Volleyball/Sprites/Menu/MenuSoundOnBtn.png using Guid(ac2aae5ff5fa6234490da9eda6087f38) Importer(815301076,1909f56bfc062723c751e8b465ee728b)  -> (artifact id: 'd23bf07756011b4ad232f917e54468e3') in 0.020228 seconds 
Number of asset objects unloaded after import = 3
========================================================================
Received Import Request.
  Time since last request: 2.622220 seconds.
  path: Assets/Volleyball/Sprites/InGame/Ground3.png
  artifactKey: Guid(42ca1ce91c5daa74dbfce51704e3653c) Importer(815301076,1909f56bfc062723c751e8b465ee728b)
Number of updated assets reloaded before import = 0
Start importing Assets/Volleyball/Sprites/InGame/Ground3.png using Guid(42ca1ce91c5daa74dbfce51704e3653c) Importer(815301076,1909f56bfc062723c751e8b465ee728b)  -> (artifact id: 'f41709d950606ea9db14091b236728aa') in 0.084926 seconds 
Number of asset objects unloaded after import = 3
Editor requested this worker to shutdown with reason: Scaling down because of idle timeout
AssetImportWorker is now disconnected from the server
Process exiting
Exiting without the bug reporter. Application will terminate with return code 0